Start testing: Feb 15 13:39 CET
----------------------------------------------------------
1/9 Testing: run_test_init_cuda_device_version
1/9 Test: run_test_init_cuda_device_version
Command: "/home/rp269144/codes/MATools/include/MAGPU/build/test/MyLibTests" "run_test_init_cuda_device_version"
Directory: /home/rp269144/codes/MATools/include/MAGPU/build/test
"run_test_init_cuda_device_version" start time: Feb 15 13:39 CET
Output:
----------------------------------------------------------
Filters: run_test_init_cuda_device_version
MATools_LOG: Error in init for MEM_MODE = GPU and GPU_TYPE = CUDA 

~~~~~~~~~~~~~~~~~~~~~~~~~~~~~~~~~~~~~~~~~~~~~~~~~~~~~~~~~~~~~~~~~~~~~~~~~~~~~~~
MyLibTests is a Catch v2.13.6 host application.
Run with -? for options

-------------------------------------------------------------------------------
run_test_init_cuda_device_version
-------------------------------------------------------------------------------
/home/rp269144/codes/MATools/include/MAGPU/test/test_cuda.hxx:97
...............................................................................

/home/rp269144/codes/MATools/include/MAGPU/test/test_cuda.hxx:100: FAILED:
  REQUIRE( success == 0 )
with expansion:
  true == 0

===============================================================================
test cases: 1 | 1 failed
assertions: 1 | 1 failed

<end of output>
Test time =   4.21 sec
----------------------------------------------------------
Test Failed.
"run_test_init_cuda_device_version" end time: Feb 15 13:39 CET
"run_test_init_cuda_device_version" time elapsed: 00:00:04
----------------------------------------------------------

2/9 Testing: run_test_resize_cuda_device_version
2/9 Test: run_test_resize_cuda_device_version
Command: "/home/rp269144/codes/MATools/include/MAGPU/build/test/MyLibTests" "run_test_resize_cuda_device_version"
Directory: /home/rp269144/codes/MATools/include/MAGPU/build/test
"run_test_resize_cuda_device_version" start time: Feb 15 13:39 CET
Output:
----------------------------------------------------------
Filters: run_test_resize_cuda_device_version
MATools_LOG: resize works correctly for MEM_MODE = GPU and GPU_TYPE = CUDA 
===============================================================================
All tests passed (1 assertion in 1 test case)

<end of output>
Test time =   4.18 sec
----------------------------------------------------------
Test Passed.
"run_test_resize_cuda_device_version" end time: Feb 15 13:39 CET
"run_test_resize_cuda_device_version" time elapsed: 00:00:04
----------------------------------------------------------

3/9 Testing: run_test_aliasing_cuda_device_version
3/9 Test: run_test_aliasing_cuda_device_version
Command: "/home/rp269144/codes/MATools/include/MAGPU/build/test/MyLibTests" "run_test_aliasing_cuda_device_version"
Directory: /home/rp269144/codes/MATools/include/MAGPU/build/test
"run_test_aliasing_cuda_device_version" start time: Feb 15 13:39 CET
Output:
----------------------------------------------------------
MyLibTests: /home/rp269144/codes/MATools/include/MAGPU/include/MAGPUVectorHost.hxx:73: void MATools::MAGPU::MAHostMemory<T, MODE>::host_aliasing(T*, unsigned int) [with T = double; MATools::MAGPU::MEM_MODE MODE = MATools::MAGPU::GPU]: Assertion `0==1 && "MATools_LOG: -host_aliasing- should not be called with the GPU memory type. Release mode do nothing."' failed.
Filters: run_test_aliasing_cuda_device_version

~~~~~~~~~~~~~~~~~~~~~~~~~~~~~~~~~~~~~~~~~~~~~~~~~~~~~~~~~~~~~~~~~~~~~~~~~~~~~~~
MyLibTests is a Catch v2.13.6 host application.
Run with -? for options

-------------------------------------------------------------------------------
run_test_aliasing_cuda_device_version
-------------------------------------------------------------------------------
/home/rp269144/codes/MATools/include/MAGPU/test/test_cuda.hxx:109
...............................................................................

/home/rp269144/codes/MATools/include/MAGPU/test/test_cuda.hxx:109: FAILED:
due to a fatal error condition:
  SIGABRT - Abort (abnormal termination) signal

===============================================================================
test cases: 1 | 1 failed
assertions: 1 | 1 failed

<end of output>
Test time =   0.07 sec
----------------------------------------------------------
Test Failed.
"run_test_aliasing_cuda_device_version" end time: Feb 15 13:39 CET
"run_test_aliasing_cuda_device_version" time elapsed: 00:00:00
----------------------------------------------------------

4/9 Testing: run_test_get_size_cuda_device_version
4/9 Test: run_test_get_size_cuda_device_version
Command: "/home/rp269144/codes/MATools/include/MAGPU/build/test/MyLibTests" "run_test_get_size_cuda_device_version"
Directory: /home/rp269144/codes/MATools/include/MAGPU/build/test
"run_test_get_size_cuda_device_version" start time: Feb 15 13:39 CET
Output:
----------------------------------------------------------
Filters: run_test_get_size_cuda_device_version
MATools_LOG: Error in get_size for MEM_MODE = GPU and GPU_TYPE = CUDA 

~~~~~~~~~~~~~~~~~~~~~~~~~~~~~~~~~~~~~~~~~~~~~~~~~~~~~~~~~~~~~~~~~~~~~~~~~~~~~~~
MyLibTests is a Catch v2.13.6 host application.
Run with -? for options

-------------------------------------------------------------------------------
run_test_get_size_cuda_device_version
-------------------------------------------------------------------------------
/home/rp269144/codes/MATools/include/MAGPU/test/test_cuda.hxx:115
...............................................................................

/home/rp269144/codes/MATools/include/MAGPU/test/test_cuda.hxx:118: FAILED:
  REQUIRE( success == 0 )
with expansion:
  true == 0

===============================================================================
test cases: 1 | 1 failed
assertions: 1 | 1 failed

<end of output>
Test time =   4.20 sec
----------------------------------------------------------
Test Failed.
"run_test_get_size_cuda_device_version" end time: Feb 15 13:39 CET
"run_test_get_size_cuda_device_version" time elapsed: 00:00:04
----------------------------------------------------------

5/9 Testing: Testing framework is working fine
5/9 Test: Testing framework is working fine
Command: "/home/rp269144/codes/MATools/include/MAGPU/build/test/MyLibTests" "Testing framework is working fine"
Directory: /home/rp269144/codes/MATools/include/MAGPU/build/test
"Testing framework is working fine" start time: Feb 15 13:39 CET
Output:
----------------------------------------------------------
Filters: Testing framework is working fine
===============================================================================
All tests passed (1 assertion in 1 test case)

<end of output>
Test time =   0.00 sec
----------------------------------------------------------
Test Passed.
"Testing framework is working fine" end time: Feb 15 13:39 CET
"Testing framework is working fine" time elapsed: 00:00:00
----------------------------------------------------------

6/9 Testing: run_test_init_serial_host_version
6/9 Test: run_test_init_serial_host_version
Command: "/home/rp269144/codes/MATools/include/MAGPU/build/test/MyLibTests" "run_test_init_serial_host_version"
Directory: /home/rp269144/codes/MATools/include/MAGPU/build/test
"run_test_init_serial_host_version" start time: Feb 15 13:39 CET
Output:
----------------------------------------------------------
Filters: run_test_init_serial_host_version
MATools_LOG: Init works correctly for MEM_MODE = CPU and GPU_TYPE = SERIAL 
===============================================================================
All tests passed (1 assertion in 1 test case)

<end of output>
Test time =   0.00 sec
----------------------------------------------------------
Test Passed.
"run_test_init_serial_host_version" end time: Feb 15 13:39 CET
"run_test_init_serial_host_version" time elapsed: 00:00:00
----------------------------------------------------------

7/9 Testing: run_test_resize_serial_host_version
7/9 Test: run_test_resize_serial_host_version
Command: "/home/rp269144/codes/MATools/include/MAGPU/build/test/MyLibTests" "run_test_resize_serial_host_version"
Directory: /home/rp269144/codes/MATools/include/MAGPU/build/test
"run_test_resize_serial_host_version" start time: Feb 15 13:39 CET
Output:
----------------------------------------------------------
Filters: run_test_resize_serial_host_version
MATools_LOG: resize works correctly for MEM_MODE = CPU and GPU_TYPE = SERIAL 
===============================================================================
All tests passed (1 assertion in 1 test case)

<end of output>
Test time =   0.00 sec
----------------------------------------------------------
Test Passed.
"run_test_resize_serial_host_version" end time: Feb 15 13:39 CET
"run_test_resize_serial_host_version" time elapsed: 00:00:00
----------------------------------------------------------

8/9 Testing: run_test_aliasing_serial_host_version
8/9 Test: run_test_aliasing_serial_host_version
Command: "/home/rp269144/codes/MATools/include/MAGPU/build/test/MyLibTests" "run_test_aliasing_serial_host_version"
Directory: /home/rp269144/codes/MATools/include/MAGPU/build/test
"run_test_aliasing_serial_host_version" start time: Feb 15 13:39 CET
Output:
----------------------------------------------------------
Filters: run_test_aliasing_serial_host_version
MATools_LOG: Aliasing works correctly for MEM_MODE = CPU and GPU_TYPE = SERIAL 
===============================================================================
All tests passed (1 assertion in 1 test case)

<end of output>
Test time =   0.00 sec
----------------------------------------------------------
Test Passed.
"run_test_aliasing_serial_host_version" end time: Feb 15 13:39 CET
"run_test_aliasing_serial_host_version" time elapsed: 00:00:00
----------------------------------------------------------

9/9 Testing: run_test_get_size_serial_host_version
9/9 Test: run_test_get_size_serial_host_version
Command: "/home/rp269144/codes/MATools/include/MAGPU/build/test/MyLibTests" "run_test_get_size_serial_host_version"
Directory: /home/rp269144/codes/MATools/include/MAGPU/build/test
"run_test_get_size_serial_host_version" start time: Feb 15 13:39 CET
Output:
----------------------------------------------------------
Filters: run_test_get_size_serial_host_version
MATools_LOG: get_size works correctly for MEM_MODE = CPU and GPU_TYPE = SERIAL 
===============================================================================
All tests passed (1 assertion in 1 test case)

<end of output>
Test time =   0.00 sec
----------------------------------------------------------
Test Passed.
"run_test_get_size_serial_host_version" end time: Feb 15 13:39 CET
"run_test_get_size_serial_host_version" time elapsed: 00:00:00
----------------------------------------------------------

End testing: Feb 15 13:39 CET
